# JRE version: OpenJDK Runtime Environment GraalVM CE 22.3.0 (17.0.5+8) (build 17.0.5+8-jvmci-22.3-b08)
# Java VM: OpenJDK 64-Bit Server VM GraalVM CE 22.3.0 (17.0.5+8-jvmci-22.3-b08, mixed mode, sharing, tiered, jvmci, jvmci compiler, compressed oops, compressed class ptrs, parallel gc, linux-amd64)
GC Precious Log:
 CPUs: 8 total, 1 available
 Memory: 1024M
 Large Page Support: Disabled
 NUMA Support: Disabled
 Compressed Oops: Enabled (32-bit)
 Alignments: Space 512K, Generation 512K, Heap 2M
 Heap Min Capacity: 100M
 Heap Initial Capacity: 100M
 Heap Max Capacity: 512M
 Pre-touch: Disabled
 Parallel Workers: 1
Heap:
 PSYoungGen      total 38912K, used 21810K [0x00000000f5580000, 0x00000000faf80000, 0x0000000100000000)
  eden space 21504K, 99% used [0x00000000f5580000,0x00000000f6a7fff8,0x00000000f6a80000)
  from space 17408K, 1% used [0x00000000f8c80000,0x00000000f8ccc840,0x00000000f9d80000)
  to   space 34816K, 0% used [0x00000000f6a80000,0x00000000f6a80000,0x00000000f8c80000)
 ParOldGen       total 349696K, used 349695K [0x00000000e0000000, 0x00000000f5580000, 0x00000000f5580000)
  object space 349696K, 99% used [0x00000000e0000000,0x00000000f557fca0,0x00000000f5580000)
 Metaspace       used 47410K, committed 48192K, reserved 1097728K
  class space    used 4757K, committed 5056K, reserved 1048576K
GC Heap History (20 events):
Event: 1155.625 GC heap before
{Heap before GC invocations=883 (full 776):
 PSYoungGen      total 38912K, used 21810K [0x00000000f5580000, 0x00000000faf80000, 0x0000000100000000)
  eden space 21504K, 99% used [0x00000000f5580000,0x00000000f6a7fff8,0x00000000f6a80000)
  from space 17408K, 1% used [0x00000000f8c80000,0x00000000f8ccc840,0x00000000f9d80000)
  to   space 34816K, 0% used [0x00000000f6a80000,0x00000000f6a80000,0x00000000f8c80000)
 ParOldGen       total 349696K, used 349692K [0x00000000e0000000, 0x00000000f5580000, 0x00000000f5580000)
  object space 349696K, 99% used [0x00000000e0000000,0x00000000f557f2f8,0x00000000f5580000)
 Metaspace       used 47407K, committed 48192K, reserved 1097728K
  class space    used 4757K, committed 5056K, reserved 1048576K
}
Event: 1157.056 GC heap after
{Heap after GC invocations=883 (full 776):
 PSYoungGen      total 38912K, used 21810K [0x00000000f5580000, 0x00000000faf80000, 0x0000000100000000)
  eden space 21504K, 99% used [0x00000000f5580000,0x00000000f6a7fff8,0x00000000f6a80000)
  from space 17408K, 1% used [0x00000000f8c80000,0x00000000f8ccc840,0x00000000f9d80000)
  to   space 34816K, 0% used [0x00000000f6a80000,0x00000000f6a80000,0x00000000f8c80000)
 ParOldGen       total 349696K, used 349692K [0x00000000e0000000, 0x00000000f5580000, 0x00000000f5580000)
  object space 349696K, 99% used [0x00000000e0000000,0x00000000f557f2f8,0x00000000f5580000)
 Metaspace       used 47407K, committed 48192K, reserved 1097728K
  class space    used 4757K, committed 5056K, reserved 1048576K
}
Event: 1157.059 GC heap before
{Heap before GC invocations=884 (full 777):
 PSYoungGen      total 38912K, used 21810K [0x00000000f5580000, 0x00000000faf80000, 0x0000000100000000)
  eden space 21504K, 99% used [0x00000000f5580000,0x00000000f6a7fff8,0x00000000f6a80000)
  from space 17408K, 1% used [0x00000000f8c80000,0x00000000f8ccc840,0x00000000f9d80000)
  to   space 34816K, 0% used [0x00000000f6a80000,0x00000000f6a80000,0x00000000f8c80000)
 ParOldGen       total 349696K, used 349695K [0x00000000e0000000, 0x00000000f5580000, 0x00000000f5580000)
  object space 349696K, 99% used [0x00000000e0000000,0x00000000f557ffa0,0x00000000f5580000)
 Metaspace       used 47409K, committed 48192K, reserved 1097728K
  class space    used 4757K, committed 5056K, reserved 1048576K
}
Event: 1158.613 GC heap after
{Heap after GC invocations=884 (full 777):
 PSYoungGen      total 38912K, used 21810K [0x00000000f5580000, 0x00000000faf80000, 0x0000000100000000)
  eden space 21504K, 99% used [0x00000000f5580000,0x00000000f6a7fff8,0x00000000f6a80000)
  from space 17408K, 1% used [0x00000000f8c80000,0x00000000f8ccc840,0x00000000f9d80000)
  to   space 34816K, 0% used [0x00000000f6a80000,0x00000000f6a80000,0x00000000f8c80000)
 ParOldGen       total 349696K, used 349693K [0x00000000e0000000, 0x00000000f5580000, 0x00000000f5580000)
  object space 349696K, 99% used [0x00000000e0000000,0x00000000f557f4f8,0x00000000f5580000)
 Metaspace       used 47409K, committed 48192K, reserved 1097728K
  class space    used 4757K, committed 5056K, reserved 1048576K
}
Event: 1158.617 GC heap before
{Heap before GC invocations=885 (full 778):
 PSYoungGen      total 38912K, used 21810K [0x00000000f5580000, 0x00000000faf80000, 0x0000000100000000)
  eden space 21504K, 99% used [0x00000000f5580000,0x00000000f6a7fff8,0x00000000f6a80000)
  from space 17408K, 1% used [0x00000000f8c80000,0x00000000f8ccc840,0x00000000f9d80000)
  to   space 34816K, 0% used [0x00000000f6a80000,0x00000000f6a80000,0x00000000f8c80000)
 ParOldGen       total 349696K, used 349694K [0x00000000e0000000, 0x00000000f5580000, 0x00000000f5580000)
  object space 349696K, 99% used [0x00000000e0000000,0x00000000f557fad8,0x00000000f5580000)
 Metaspace       used 47410K, committed 48192K, reserved 1097728K
  class space    used 4757K, committed 5056K, reserved 1048576K
}
Event: 1159.918 GC heap after
{Heap after GC invocations=885 (full 778):
 PSYoungGen      total 38912K, used 21810K [0x00000000f5580000, 0x00000000faf80000, 0x0000000100000000)
  eden space 21504K, 99% used [0x00000000f5580000,0x00000000f6a7fff8,0x00000000f6a80000)
  from space 17408K, 1% used [0x00000000f8c80000,0x00000000f8ccc840,0x00000000f9d80000)
  to   space 34816K, 0% used [0x00000000f6a80000,0x00000000f6a80000,0x00000000f8c80000)
 ParOldGen       total 349696K, used 349692K [0x00000000e0000000, 0x00000000f5580000, 0x00000000f5580000)
  object space 349696K, 99% used [0x00000000e0000000,0x00000000f557f308,0x00000000f5580000)
 Metaspace       used 47410K, committed 48192K, reserved 1097728K
  class space    used 4757K, committed 5056K, reserved 1048576K
}
Event: 1159.918 GC heap before
{Heap before GC invocations=886 (full 779):
 PSYoungGen      total 38912K, used 21810K [0x00000000f5580000, 0x00000000faf80000, 0x0000000100000000)
  eden space 21504K, 99% used [0x00000000f5580000,0x00000000f6a7fff8,0x00000000f6a80000)
  from space 17408K, 1% used [0x00000000f8c80000,0x00000000f8ccc840,0x00000000f9d80000)
  to   space 34816K, 0% used [0x00000000f6a80000,0x00000000f6a80000,0x00000000f8c80000)
 ParOldGen       total 349696K, used 349695K [0x00000000e0000000, 0x00000000f5580000, 0x00000000f5580000)
  object space 349696K, 99% used [0x00000000e0000000,0x00000000f557ff90,0x00000000f5580000)
 Metaspace       used 47410K, committed 48192K, reserved 1097728K
  class space    used 4757K, committed 5056K, reserved 1048576K
}
Event: 1161.430 GC heap after
{Heap after GC invocations=886 (full 779):
 PSYoungGen      total 38912K, used 21810K [0x00000000f5580000, 0x00000000faf80000, 0x0000000100000000)
  eden space 21504K, 99% used [0x00000000f5580000,0x00000000f6a7fff8,0x00000000f6a80000)
  from space 17408K, 1% used [0x00000000f8c80000,0x00000000f8ccc840,0x00000000f9d80000)
  to   space 34816K, 0% used [0x00000000f6a80000,0x00000000f6a80000,0x00000000f8c80000)
 ParOldGen       total 349696K, used 349695K [0x00000000e0000000, 0x00000000f5580000, 0x00000000f5580000)
  object space 349696K, 99% used [0x00000000e0000000,0x00000000f557ff90,0x00000000f5580000)
 Metaspace       used 47410K, committed 48192K, reserved 1097728K
  class space    used 4757K, committed 5056K, reserved 1048576K
}
Event: 1161.433 GC heap before
{Heap before GC invocations=887 (full 780):
 PSYoungGen      total 38912K, used 21810K [0x00000000f5580000, 0x00000000faf80000, 0x0000000100000000)
  eden space 21504K, 99% used [0x00000000f5580000,0x00000000f6a7fff8,0x00000000f6a80000)
  from space 17408K, 1% used [0x00000000f8c80000,0x00000000f8ccc840,0x00000000f9d80000)
  to   space 34816K, 0% used [0x00000000f6a80000,0x00000000f6a80000,0x00000000f8c80000)
 ParOldGen       total 349696K, used 349696K [0x00000000e0000000, 0x00000000f5580000, 0x00000000f5580000)
  object space 349696K, 100% used [0x00000000e0000000,0x00000000f5580000,0x00000000f5580000)
 Metaspace       used 47410K, committed 48192K, reserved 1097728K
  class space    used 4757K, committed 5056K, reserved 1048576K
}
Event: 1162.793 GC heap after
{Heap after GC invocations=887 (full 780):
 PSYoungGen      total 38912K, used 21810K [0x00000000f5580000, 0x00000000faf80000, 0x0000000100000000)
  eden space 21504K, 99% used [0x00000000f5580000,0x00000000f6a7fff8,0x00000000f6a80000)
  from space 17408K, 1% used [0x00000000f8c80000,0x00000000f8ccc840,0x00000000f9d80000)
  to   space 34816K, 0% used [0x00000000f6a80000,0x00000000f6a80000,0x00000000f8c80000)
 ParOldGen       total 349696K, used 349696K [0x00000000e0000000, 0x00000000f5580000, 0x00000000f5580000)
  object space 349696K, 100% used [0x00000000e0000000,0x00000000f5580000,0x00000000f5580000)
 Metaspace       used 47410K, committed 48192K, reserved 1097728K
  class space    used 4757K, committed 5056K, reserved 1048576K
}
Event: 1162.793 GC heap before
{Heap before GC invocations=888 (full 781):
 PSYoungGen      total 38912K, used 21810K [0x00000000f5580000, 0x00000000faf80000, 0x0000000100000000)
  eden space 21504K, 99% used [0x00000000f5580000,0x00000000f6a7fff8,0x00000000f6a80000)
  from space 17408K, 1% used [0x00000000f8c80000,0x00000000f8ccc840,0x00000000f9d80000)
  to   space 34816K, 0% used [0x00000000f6a80000,0x00000000f6a80000,0x00000000f8c80000)
 ParOldGen       total 349696K, used 349696K [0x00000000e0000000, 0x00000000f5580000, 0x00000000f5580000)
  object space 349696K, 100% used [0x00000000e0000000,0x00000000f5580000,0x00000000f5580000)
 Metaspace       used 47410K, committed 48192K, reserved 1097728K
  class space    used 4757K, committed 5056K, reserved 1048576K
}
Event: 1164.281 GC heap after
{Heap after GC invocations=888 (full 781):
 PSYoungGen      total 38912K, used 21809K [0x00000000f5580000, 0x00000000faf80000, 0x0000000100000000)
  eden space 21504K, 99% used [0x00000000f5580000,0x00000000f6a7fea0,0x00000000f6a80000)
  from space 17408K, 1% used [0x00000000f8c80000,0x00000000f8ccc840,0x00000000f9d80000)
  to   space 34816K, 0% used [0x00000000f6a80000,0x00000000f6a80000,0x00000000f8c80000)
 ParOldGen       total 349696K, used 349689K [0x00000000e0000000, 0x00000000f5580000, 0x00000000f5580000)
  object space 349696K, 99% used [0x00000000e0000000,0x00000000f557e668,0x00000000f5580000)
 Metaspace       used 47410K, committed 48192K, reserved 1097728K
  class space    used 4757K, committed 5056K, reserved 1048576K
}
Event: 1164.285 GC heap before
{Heap before GC invocations=889 (full 782):
 PSYoungGen      total 38912K, used 21810K [0x00000000f5580000, 0x00000000faf80000, 0x0000000100000000)
  eden space 21504K, 99% used [0x00000000f5580000,0x00000000f6a7fff8,0x00000000f6a80000)
  from space 17408K, 1% used [0x00000000f8c80000,0x00000000f8ccc840,0x00000000f9d80000)
  to   space 34816K, 0% used [0x00000000f6a80000,0x00000000f6a80000,0x00000000f8c80000)
 ParOldGen       total 349696K, used 349692K [0x00000000e0000000, 0x00000000f5580000, 0x00000000f5580000)
  object space 349696K, 99% used [0x00000000e0000000,0x00000000f557f108,0x00000000f5580000)
 Metaspace       used 47410K, committed 48192K, reserved 1097728K
  class space    used 4757K, committed 5056K, reserved 1048576K
}
Event: 1165.628 GC heap after
{Heap after GC invocations=889 (full 782):
 PSYoungGen      total 38912K, used 21810K [0x00000000f5580000, 0x00000000faf80000, 0x0000000100000000)
  eden space 21504K, 99% used [0x00000000f5580000,0x00000000f6a7fff8,0x00000000f6a80000)
  from space 17408K, 1% used [0x00000000f8c80000,0x00000000f8ccc840,0x00000000f9d80000)
  to   space 34816K, 0% used [0x00000000f6a80000,0x00000000f6a80000,0x00000000f8c80000)
 ParOldGen       total 349696K, used 349692K [0x00000000e0000000, 0x00000000f5580000, 0x00000000f5580000)
  object space 349696K, 99% used [0x00000000e0000000,0x00000000f557f108,0x00000000f5580000)
 Metaspace       used 47410K, committed 48192K, reserved 1097728K
  class space    used 4757K, committed 5056K, reserved 1048576K
}
Event: 1165.629 GC heap before
{Heap before GC invocations=890 (full 783):
 PSYoungGen      total 38912K, used 21810K [0x00000000f5580000, 0x00000000faf80000, 0x0000000100000000)
  eden space 21504K, 99% used [0x00000000f5580000,0x00000000f6a7fff8,0x00000000f6a80000)
  from space 17408K, 1% used [0x00000000f8c80000,0x00000000f8ccc840,0x00000000f9d80000)
  to   space 34816K, 0% used [0x00000000f6a80000,0x00000000f6a80000,0x00000000f8c80000)
 ParOldGen       total 349696K, used 349694K [0x00000000e0000000, 0x00000000f5580000, 0x00000000f5580000)
  object space 349696K, 99% used [0x00000000e0000000,0x00000000f557f948,0x00000000f5580000)
 Metaspace       used 47410K, committed 48192K, reserved 1097728K
  class space    used 4757K, committed 5056K, reserved 1048576K
}
Event: 1166.951 GC heap after
{Heap after GC invocations=890 (full 783):
 PSYoungGen      total 38912K, used 21810K [0x00000000f5580000, 0x00000000faf80000, 0x0000000100000000)
  eden space 21504K, 99% used [0x00000000f5580000,0x00000000f6a7fff8,0x00000000f6a80000)
  from space 17408K, 1% used [0x00000000f8c80000,0x00000000f8ccc840,0x00000000f9d80000)
  to   space 34816K, 0% used [0x00000000f6a80000,0x00000000f6a80000,0x00000000f8c80000)
 ParOldGen       total 349696K, used 349693K [0x00000000e0000000, 0x00000000f5580000, 0x00000000f5580000)
  object space 349696K, 99% used [0x00000000e0000000,0x00000000f557f7f8,0x00000000f5580000)
 Metaspace       used 47410K, committed 48192K, reserved 1097728K
  class space    used 4757K, committed 5056K, reserved 1048576K
}
Event: 1166.954 GC heap before
{Heap before GC invocations=891 (full 784):
 PSYoungGen      total 38912K, used 21810K [0x00000000f5580000, 0x00000000faf80000, 0x0000000100000000)
  eden space 21504K, 99% used [0x00000000f5580000,0x00000000f6a7fff8,0x00000000f6a80000)
  from space 17408K, 1% used [0x00000000f8c80000,0x00000000f8ccc840,0x00000000f9d80000)
  to   space 34816K, 0% used [0x00000000f6a80000,0x00000000f6a80000,0x00000000f8c80000)
 ParOldGen       total 349696K, used 349694K [0x00000000e0000000, 0x00000000f5580000, 0x00000000f5580000)
  object space 349696K, 99% used [0x00000000e0000000,0x00000000f557fa20,0x00000000f5580000)
 Metaspace       used 47410K, committed 48192K, reserved 1097728K
  class space    used 4757K, committed 5056K, reserved 1048576K
}
Event: 1168.398 GC heap after
{Heap after GC invocations=891 (full 784):
 PSYoungGen      total 38912K, used 21810K [0x00000000f5580000, 0x00000000faf80000, 0x0000000100000000)
  eden space 21504K, 99% used [0x00000000f5580000,0x00000000f6a7fff8,0x00000000f6a80000)
  from space 17408K, 1% used [0x00000000f8c80000,0x00000000f8ccc840,0x00000000f9d80000)
  to   space 34816K, 0% used [0x00000000f6a80000,0x00000000f6a80000,0x00000000f8c80000)
 ParOldGen       total 349696K, used 349693K [0x00000000e0000000, 0x00000000f5580000, 0x00000000f5580000)
  object space 349696K, 99% used [0x00000000e0000000,0x00000000f557f7f0,0x00000000f5580000)
 Metaspace       used 47410K, committed 48192K, reserved 1097728K
  class space    used 4757K, committed 5056K, reserved 1048576K
}
Event: 1168.398 GC heap before
{Heap before GC invocations=892 (full 785):
 PSYoungGen      total 38912K, used 21810K [0x00000000f5580000, 0x00000000faf80000, 0x0000000100000000)
  eden space 21504K, 99% used [0x00000000f5580000,0x00000000f6a7fff8,0x00000000f6a80000)
  from space 17408K, 1% used [0x00000000f8c80000,0x00000000f8ccc840,0x00000000f9d80000)
  to   space 34816K, 0% used [0x00000000f6a80000,0x00000000f6a80000,0x00000000f8c80000)
 ParOldGen       total 349696K, used 349693K [0x00000000e0000000, 0x00000000f5580000, 0x00000000f5580000)
  object space 349696K, 99% used [0x00000000e0000000,0x00000000f557f7f0,0x00000000f5580000)
 Metaspace       used 47410K, committed 48192K, reserved 1097728K
  class space    used 4757K, committed 5056K, reserved 1048576K
}
Event: 1170.200 GC heap after
{Heap after GC invocations=892 (full 785):
 PSYoungGen      total 38912K, used 21810K [0x00000000f5580000, 0x00000000faf80000, 0x0000000100000000)
  eden space 21504K, 99% used [0x00000000f5580000,0x00000000f6a7fff8,0x00000000f6a80000)
  from space 17408K, 1% used [0x00000000f8c80000,0x00000000f8ccc840,0x00000000f9d80000)
  to   space 34816K, 0% used [0x00000000f6a80000,0x00000000f6a80000,0x00000000f8c80000)
 ParOldGen       total 349696K, used 349693K [0x00000000e0000000, 0x00000000f5580000, 0x00000000f5580000)
  object space 349696K, 99% used [0x00000000e0000000,0x00000000f557f7f0,0x00000000f5580000)
 Metaspace       used 47410K, committed 48192K, reserved 1097728K
  class space    used 4757K, committed 5056K, reserved 1048576K
}

